## MODULE 1 STRUGGLES
- honestly not sure whats the difference between echo and print, the material explain print is an "expression", but i dont understand what that means, and how it differs from echo. I know they both output text, but is there a reason to use one over the other?
- something i noticed when i tried to print to the console, if i tried like:
```
$greetings = "Hello, my name is Raihan";
$todaysDate = date("Y-m-d");
$php_version = PHP_VERSION;



echo $greetings;
print $greetings;

echo $todaysDate;
```
then the output would concatenate all the outputs together, like: "Hello, my name is RaihanHello, my name is Raihan2026-04-23"
i dont think this happens in js when you do console.log, it outputs each argument separately, but then maybe i need to add a newline character to the end of each string in php to achieve the same effect?

var_dump is also has similar behavior, when i try to input like:
```
var_dump($greetings);
var_dump("Today is:", $todaysDate);
var_dump(PHP_VERSION);
```

then it will output: 
```
string(9) "Today is:"
string(10) "2026-04-23"
string(6) "8.3.30"
```
what i confused is mostly the second line, i expected it to output the string "Today is: 2026-04-23", but instead it outputs the string "Today is:" and then the string "2026-04-23" on the next line, which is a bit confusing to me. I thought var_dump would output all the arguments together, but it seems like it treats each argument separately and outputs them on different lines.
actually, i just realized in the material it mention PHP_EOL, which is a constant that represents the end of line character for the current platform. But it still kinda a hassle to add PHP_EOL to the end of each string just to achieve the same effect as console.log in js, where it outputs each argument separately on a new line.


## MODULE 2 STRUGGLES
- in the first task it says to demonstrate 5 surprising "loose-comparison", im not exactly sure but hopefully i get it right in my exercise file
- to be honest the concept of type juggling is still a bit confusing to me even in JS. especially the comparison operators, like == and ===, and how they behave differently when comparing different types of values. i understand that == does type coercion and can compare values of different types, while === does not do type coercion and only returns true if the values are of the same type and have the same value. but i still find it a bit tricky to remember which operator to use in different situations, especially when dealing with user input or data from external sources where the type might not be what i expect. i guess with more practice and experience, it will become more intuitive to know when to use == vs ===.
- another thing that i find a bit confusing is the concept of truthy and falsy values in PHP. i understand that in PHP, certain values are considered falsy, such as false, 0, 0.0, "", "0", null, and an empty array. but it can be a bit tricky to remember all the different falsy values and how they behave in different contexts, especially when using them in conditional statements or loops. i guess with more practice and experience, it will become more intuitive to understand which values are truthy and which are falsy in PHP.

- im not sure what to return in the function for task 2, im assuming it just return the args.

- FOLLOW UP: Ok i think i just missunderstood the concept of "type coercion". From what i can understand it some kind of type enforcement that happens when you compare two values of different types, where PHP will try to convert one of the values to the type of the other value in order to make the comparison work. so for example, when you compare a string "0" with an integer 0 using ==, PHP will convert the string "0" to an integer 0 before making the comparison, which is why it returns true. but when you use ===, it does not do any type coercion and simply compares the values as they are, which is why "0" === 0 returns false. so in a way, type coercion is like a behind-the-scenes process that happens during loose comparisons (==) where PHP tries to make sense of the different types and find a common ground for comparison.
- although im not really sure does the type coercion happens in one side of the comparison or both sides, like does PHP convert the string to an integer, or does it convert the integer to a string, or does it convert both values to some common type? i guess it might depend on the specific values being compared and the context of the comparison. but overall, i think the key takeaway is that type coercion is a process that happens during loose comparisons (==) where PHP tries to make sense of different types and find a way to compare them, which can lead to some surprising results if you're not careful.

## MODULE 3 STRUGGLES
- generally confused how to use the match expression, the syntax is different than switch else statements. And in the material it mention to invoke the statement using variables, why is that?
- also how to use them inside for loop statements, i figured out by invoking the match expression inside the variables and then echo them down below in the loop. I still dont understand how to pass the args inside match(args) and how to use them inside the match expression, like how to compare the args with the cases and return the corresponding values. I guess with more practice and experience, it will become more intuitive to understand how to use match expressions effectively in different contexts.

## MODULE 4 STRUGGLES
- im having trouble trying to count how many users with specific roles inside an array, the materials mention about count() but it seems to only count the total number of elements in the array, not the number of elements that match a specific condition. i guess i might need to use a loop to iterate through the array and count the number of users with specific roles manually, but it seems like there should be a more efficient way to do this using built-in functions or something.
- i dont know how to use array_column, so i will be using foreach for the addUser function
- one thing that confuse me about my function is that it appends the new user multiple times, and then for existing user it appends only the first user multiple times. Honestly reaching a road block here.

- FOLLOw UP: ok it looks like i have some logic issue, anyway i learned how to use array_column and in_array, but one thing confuses me is that the instructor advice is using 3 args in the in_array, meanwhile in the material it only uses 2 args. From what i can get this fucntions basically said: "Search this specific value (args 1) in this specific array (args 2) and return the value in an array if true", so what is the purpose of the third args? the material mention about strict mode, is it only used in strict mode?


## MODULE 5 STRUGGLES
- for task no.2, it said i need to reindex the resulting array, but im not sure how to do that.
- to be honest, i barely understand how reduce really work even in js, mostly the args and the initial value, and how the callback function is supposed to work with those args. i understand that reduce takes a callback function and an optional initial value, and it applies the callback function to each element of the array in order to reduce it to a single value. but i find it a bit tricky to wrap my head around how the callback function is supposed to work with the accumulator and the current value, and how the initial value fits into the whole process. i guess with more practice and experience, it will become more intuitive to understand how reduce works and how to use it effectively in different contexts.
- not sure what it means on task no.3 about "sum of the lengths of every user's email string". Im assuming i need to count the legnth of every user email and then return it as an array, the thing is that the email is string, i only know count() for counting the length of an array, but it doesnt work for a string.
- also still not sure how to return an array from an array using array_reduce, since the material only show the example for summing up numbers. I tried adding empty array as the initial value, but it always return the string of the value, and it's only the first value in the array, not sure why
- FOLLOW UP: for task no.4, im not sure i understand why we need to add: 
    if (!isset($carry[$role])) {
        $carry[$role] = 0;       // first time seeing this role: start the counter
    }

    before we begin counting the role, from what i can get isset is checking if the key exist and not null, so is it checking if the role already exist in the carry array? and if it does not exist, then we initialize the counter for that role to 0, so that we can start counting from there. but why do we need to check if the role already exist in the carry array before initializing the counter? can't we just initialize the counter for every role without checking if it already exist or not? i guess it might be to avoid overwriting existing counts for roles that have already been counted, but i'm not entirely sure about that.


## MODULE 6 STRUGGLES
- in explode function, you have int $limit in the third args, but im not really sure what it does
- so when i tried to use array_filter to remove empty pieces, i initially went with fn($str) => $str !== " ", for the callback function. But the empty pieces are still there. Then i look up the internet apparently empty entries in explode() is "". Why is that?
- i know in js you can do something like nested functions, like array.split.join etc, not really sure how to do that in php, so i just went with invoking function inside variables and then doing the process step by step, would love know if there's more efficient way to do this.

## MODULE 7 STRUGGLES
- hmm, im not sure how to use match expression. Would've to look up for that one.

## CAPSTONE STRUGGLES
- im mainly confused when it comes of finding total amount by category, specifically how to group each category together and then sum up the total amount for each category. i understand that i can use an associative array to store the total amount for each category, but im not sure how to iterate through the transactions and update the totals for each category effectively.
- FOLLOW UP: for bug no.3 i'd love the lines of array implementation maybe as sidenote explanation not in the code so that this one just becomes my learning journey, because as you can see i hacked through it because i initially also confused why do the spec said i need to echo with implode.